2025-04-11 12:40:47,958 [INFO] Loading MastergoalGame...
2025-04-11 12:40:47,959 [INFO] Loading NNetWrapper...
2025-04-11 12:40:48,326 [WARNING] Not loading a checkpoint!
2025-04-11 12:40:48,326 [INFO] Loading the Coach...
2025-04-11 12:40:48,564 [INFO] Starting the learning process!!
2025-04-11 12:40:48,565 [INFO] No checkpoint folder found, starting fresh
2025-04-11 12:40:48,565 [INFO] Starting Iter #1 ...
2025-04-11 12:40:48,565 [INFO] Need 100 more episodes for this iteration
2025-04-11 12:47:37,530 [INFO] Turn #10
2025-04-11 12:55:09,249 [INFO] Turn #20
2025-04-11 13:02:55,214 [INFO] Turn #30
2025-04-11 13:10:16,894 [INFO] Turn #40
2025-04-11 13:10:34,955 [INFO] The outcome - r value: 0.0001
2025-04-11 13:10:34,955 [INFO] Game 1 done in 1786388ms
2025-04-11 13:17:20,393 [INFO] Turn #10
2025-04-11 13:24:36,976 [INFO] Turn #20
2025-04-11 13:32:08,707 [INFO] Turn #30
2025-04-11 13:33:46,025 [INFO] The outcome - r value: 1
2025-04-11 13:33:46,026 [INFO] Game 2 done in 1391063ms
2025-04-11 13:40:29,994 [INFO] Turn #10
2025-04-11 13:47:55,756 [INFO] Turn #20
2025-04-11 13:55:24,353 [INFO] Turn #30
2025-04-11 14:02:48,420 [INFO] Turn #40
2025-04-11 14:03:07,385 [INFO] The outcome - r value: 0.0001
2025-04-11 14:03:07,385 [INFO] Game 3 done in 1761353ms
2025-04-11 14:09:52,546 [INFO] Turn #10
2025-04-11 14:17:28,205 [INFO] Turn #20
2025-04-11 14:25:11,889 [INFO] Turn #30
2025-04-11 14:32:51,091 [INFO] Turn #40
2025-04-11 14:33:09,716 [INFO] The outcome - r value: 0.0001
2025-04-11 14:33:09,716 [INFO] Game 4 done in 1802323ms
2025-04-11 14:36:54,509 [INFO] The outcome - r value: 1
2025-04-11 14:36:54,509 [INFO] Game 5 done in 224785ms
2025-04-11 14:43:35,383 [INFO] Turn #10
2025-04-11 14:50:59,216 [INFO] Turn #20
2025-04-11 14:58:38,032 [INFO] Turn #30
2025-04-11 15:05:53,757 [INFO] Turn #40
2025-04-11 15:06:12,238 [INFO] The outcome - r value: 0.0001
2025-04-11 15:06:12,238 [INFO] Game 6 done in 1757727ms
2025-04-11 15:12:45,770 [INFO] Turn #10
2025-04-11 15:20:14,305 [INFO] Turn #20
2025-04-11 15:27:46,025 [INFO] Turn #30
2025-04-11 15:34:58,425 [INFO] Turn #40
2025-04-11 15:35:18,496 [INFO] The outcome - r value: 0.0001
2025-04-11 15:35:18,496 [INFO] Game 7 done in 1746251ms
2025-04-11 15:41:57,056 [INFO] Turn #10
2025-04-11 15:49:36,009 [INFO] Turn #20
2025-04-11 15:57:57,018 [INFO] Turn #30
2025-04-11 16:06:01,664 [INFO] Turn #40
2025-04-11 16:06:20,200 [INFO] The outcome - r value: 0.0001
2025-04-11 16:06:20,200 [INFO] Game 8 done in 1861696ms
2025-04-11 16:12:51,871 [INFO] Turn #10
2025-04-11 16:19:55,174 [INFO] Turn #20
2025-04-11 16:27:31,089 [INFO] Turn #30
2025-04-11 16:34:48,544 [INFO] Turn #40
2025-04-11 16:35:07,120 [INFO] The outcome - r value: 0.0001
2025-04-11 16:35:07,120 [INFO] Game 9 done in 1726912ms
2025-04-11 16:41:42,875 [INFO] Turn #10
2025-04-11 16:49:03,444 [INFO] Turn #20
2025-04-11 16:56:39,226 [INFO] Turn #30
2025-04-11 17:03:45,769 [INFO] Turn #40
2025-04-11 17:04:04,328 [INFO] The outcome - r value: 0.0001
2025-04-11 17:04:04,328 [INFO] Game 10 done in 1737201ms
2025-04-11 17:10:43,628 [INFO] Turn #10
2025-04-11 17:18:08,822 [INFO] Turn #20
2025-04-11 17:25:43,502 [INFO] Turn #30
2025-04-11 17:33:26,475 [INFO] Turn #40
2025-04-11 17:33:45,153 [INFO] The outcome - r value: 0.0001
2025-04-11 17:33:45,153 [INFO] Game 11 done in 1780816ms
2025-04-11 17:40:30,689 [INFO] Turn #10
2025-04-11 17:48:04,739 [INFO] Turn #20
2025-04-11 17:55:33,030 [INFO] Turn #30
2025-04-11 18:03:08,327 [INFO] Turn #40
2025-04-11 18:03:26,664 [INFO] The outcome - r value: 0.0001
2025-04-11 18:03:26,664 [INFO] Game 12 done in 1781502ms
2025-04-11 18:09:57,952 [INFO] Turn #10
2025-04-11 18:17:24,756 [INFO] Turn #20
2025-04-11 18:25:02,322 [INFO] Turn #30
2025-04-11 18:32:32,308 [INFO] Turn #40
2025-04-11 18:32:51,125 [INFO] The outcome - r value: 0.0001
2025-04-11 18:32:51,125 [INFO] Game 13 done in 1764452ms
2025-04-11 18:39:15,704 [INFO] Turn #10
2025-04-11 18:46:44,410 [INFO] Turn #20
2025-04-11 18:54:07,002 [INFO] Turn #30
2025-04-11 19:01:20,573 [INFO] Turn #40
2025-04-11 19:01:39,164 [INFO] The outcome - r value: 0.0001
2025-04-11 19:01:39,164 [INFO] Game 14 done in 1728031ms
2025-04-11 19:08:12,672 [INFO] Turn #10
2025-04-11 19:15:39,678 [INFO] Turn #20
2025-04-11 19:23:08,105 [INFO] Turn #30
2025-04-11 19:30:08,603 [INFO] Turn #40
2025-04-11 19:30:28,220 [INFO] The outcome - r value: 0.0001
2025-04-11 19:30:28,221 [INFO] Game 15 done in 1729048ms
2025-04-11 19:36:53,705 [INFO] Turn #10
2025-04-11 19:44:23,590 [INFO] Turn #20
2025-04-11 19:51:49,156 [INFO] Turn #30
2025-04-11 19:59:17,133 [INFO] Turn #40
2025-04-11 19:59:35,577 [INFO] The outcome - r value: 0.0001
2025-04-11 19:59:35,577 [INFO] Game 16 done in 1747349ms
2025-04-11 20:06:08,910 [INFO] Turn #10
2025-04-11 20:13:18,827 [INFO] Turn #20
2025-04-11 20:16:15,480 [INFO] The outcome - r value: 1
2025-04-11 20:16:15,481 [INFO] Game 17 done in 999896ms
2025-04-11 20:21:22,657 [INFO] The outcome - r value: 1
2025-04-11 20:21:22,657 [INFO] Game 18 done in 307172ms
2025-04-11 20:28:00,666 [INFO] Turn #10
2025-04-11 20:35:08,000 [INFO] Turn #20
2025-04-11 20:42:44,193 [INFO] Turn #30
2025-04-11 20:49:47,355 [INFO] Turn #40
2025-04-11 20:50:05,304 [INFO] The outcome - r value: 0.0001
2025-04-11 20:50:05,304 [INFO] Game 19 done in 1722645ms
2025-04-11 20:56:40,704 [INFO] Turn #10
2025-04-11 21:03:42,744 [INFO] Turn #20
2025-04-11 21:11:12,078 [INFO] Turn #30
2025-04-11 21:18:50,491 [INFO] Turn #40
2025-04-11 21:19:08,284 [INFO] The outcome - r value: 0.0001
2025-04-11 21:19:08,284 [INFO] Game 20 done in 1742972ms
2025-04-11 21:19:08,284 [INFO] Saving partial examples to ./new/partial_iter_1_20.examples
2025-04-11 21:25:36,024 [INFO] Turn #10
2025-04-11 21:33:00,038 [INFO] Turn #20
2025-04-14 12:18:22,366 [INFO] Loading MastergoalGame...
2025-04-14 12:18:22,366 [INFO] Loading NNetWrapper...
2025-04-14 12:18:22,739 [WARNING] Not loading a checkpoint!
2025-04-14 12:18:22,740 [INFO] Loading the Coach...
2025-04-14 12:18:22,971 [INFO] Starting the learning process!!
2025-04-14 12:18:22,972 [INFO] Found partial example files: ['partial_iter_1_20.examples']
2025-04-14 12:18:22,972 [INFO] Loading most recent partial examples from ./new/partial_iter_1_20.examples
2025-04-14 12:18:22,977 [INFO] Loaded 20 games from partial file
2025-04-14 12:18:22,977 [INFO] Resuming from game 20
2025-04-14 12:18:22,978 [INFO] Starting Iter #1 ...
2025-04-14 12:18:22,978 [INFO] Need 80 more games for this iteration
2025-04-14 12:25:10,672 [INFO] Turn #10
2025-04-14 12:32:45,228 [INFO] Turn #20
2025-04-14 12:40:34,447 [INFO] Turn #30
2025-04-14 12:47:57,983 [INFO] Turn #40
2025-04-14 12:48:16,801 [INFO] The outcome - r value: 0.0001
2025-04-14 12:48:16,801 [INFO] Game 21 done in 1793821ms
2025-04-14 12:55:00,855 [INFO] Turn #10
2025-04-14 13:02:22,935 [INFO] Turn #20
2025-04-14 13:09:55,822 [INFO] Turn #30
2025-04-14 13:11:31,257 [INFO] The outcome - r value: 1
2025-04-14 13:11:31,258 [INFO] Game 22 done in 1394449ms
2025-04-14 13:18:11,105 [INFO] Turn #10
2025-04-14 13:25:33,428 [INFO] Turn #20
2025-04-14 13:33:00,501 [INFO] Turn #30
2025-04-14 13:40:23,490 [INFO] Turn #40
2025-04-14 13:40:42,913 [INFO] The outcome - r value: 0.0001
2025-04-14 13:40:42,914 [INFO] Game 23 done in 1751650ms
2025-04-14 13:47:27,515 [INFO] Turn #10
2025-04-14 13:55:01,305 [INFO] Turn #20
2025-04-14 14:02:44,856 [INFO] Turn #30
2025-04-14 14:10:23,528 [INFO] Turn #40
2025-04-14 14:10:42,615 [INFO] The outcome - r value: 0.0001
2025-04-14 14:10:42,615 [INFO] Game 24 done in 1799694ms
2025-04-14 14:14:26,922 [INFO] The outcome - r value: 1
2025-04-14 14:14:26,922 [INFO] Game 25 done in 224299ms
2025-04-14 14:21:09,767 [INFO] Turn #10
2025-04-14 14:28:35,962 [INFO] Turn #20
2025-04-14 14:36:10,012 [INFO] Turn #30
2025-04-14 14:43:25,229 [INFO] Turn #40
2025-04-14 14:43:43,852 [INFO] The outcome - r value: 0.0001
2025-04-14 14:43:43,853 [INFO] Game 26 done in 1756929ms
2025-04-14 14:50:14,196 [INFO] Turn #10
2025-04-14 14:57:41,181 [INFO] Turn #20
2025-04-14 15:05:13,207 [INFO] Turn #30
2025-04-14 15:12:24,967 [INFO] Turn #40
2025-04-14 15:12:45,246 [INFO] The outcome - r value: 0.0001
2025-04-14 15:12:45,246 [INFO] Game 27 done in 1741386ms
2025-04-14 15:19:21,812 [INFO] Turn #10
2025-04-14 15:26:56,623 [INFO] Turn #20
2025-04-14 15:35:16,905 [INFO] Turn #30
2025-04-14 15:43:21,149 [INFO] Turn #40
2025-04-14 15:43:39,409 [INFO] The outcome - r value: 0.0001
2025-04-14 15:43:39,410 [INFO] Game 28 done in 1854156ms
2025-04-14 15:50:10,338 [INFO] Turn #10
2025-04-14 15:57:09,218 [INFO] Turn #20
2025-04-14 16:04:43,412 [INFO] Turn #30
2025-04-14 16:12:00,915 [INFO] Turn #40
2025-04-14 16:12:19,225 [INFO] The outcome - r value: 0.0001
2025-04-14 16:12:19,225 [INFO] Game 29 done in 1719808ms
2025-04-14 16:18:51,413 [INFO] Turn #10
2025-04-14 16:26:06,730 [INFO] Turn #20
2025-04-14 16:33:37,899 [INFO] Turn #30
2025-04-14 16:40:43,815 [INFO] Turn #40
2025-04-14 16:41:02,427 [INFO] The outcome - r value: 0.0001
2025-04-14 16:41:02,427 [INFO] Game 30 done in 1723194ms
2025-04-14 16:47:44,028 [INFO] Turn #10
2025-04-14 16:55:09,409 [INFO] Turn #20
2025-04-14 17:02:43,025 [INFO] Turn #30
2025-04-14 17:10:22,584 [INFO] Turn #40
2025-04-14 17:10:40,899 [INFO] The outcome - r value: 0.0001
2025-04-14 17:10:40,900 [INFO] Game 31 done in 1778465ms
2025-04-14 17:17:21,807 [INFO] Turn #10
2025-04-14 17:24:55,502 [INFO] Turn #20
2025-04-14 17:32:27,705 [INFO] Turn #30
2025-04-14 17:40:12,742 [INFO] Turn #40
2025-04-14 17:40:31,523 [INFO] The outcome - r value: 0.0001
2025-04-14 17:40:31,524 [INFO] Game 32 done in 1790616ms
2025-04-14 17:47:11,309 [INFO] Turn #10
2025-04-14 17:54:46,936 [INFO] Turn #20
2025-04-14 18:02:34,056 [INFO] Turn #30
2025-04-14 18:10:14,930 [INFO] Turn #40
2025-04-14 18:10:34,632 [INFO] The outcome - r value: 0.0001
2025-04-14 18:10:34,632 [INFO] Game 33 done in 1803101ms
2025-04-14 18:17:08,082 [INFO] Turn #10
2025-04-14 18:24:44,057 [INFO] Turn #20
2025-04-14 18:32:10,003 [INFO] Turn #30
2025-04-14 18:39:31,640 [INFO] Turn #40
2025-04-14 18:39:50,425 [INFO] The outcome - r value: 0.0001
2025-04-14 18:39:50,425 [INFO] Game 34 done in 1755784ms
2025-04-14 18:46:23,234 [INFO] Turn #10
2025-04-14 18:53:49,914 [INFO] Turn #20
2025-04-14 19:01:15,094 [INFO] Turn #30
2025-04-14 19:08:16,372 [INFO] Turn #40
2025-04-14 19:08:35,731 [INFO] The outcome - r value: 0.0001
2025-04-14 19:08:35,731 [INFO] Game 35 done in 1725298ms
2025-04-14 19:15:02,283 [INFO] Turn #10
2025-04-14 19:22:32,083 [INFO] Turn #20
2025-04-14 19:29:55,917 [INFO] Turn #30
2025-04-14 19:37:31,094 [INFO] Turn #40
2025-04-14 19:37:50,063 [INFO] The outcome - r value: 0.0001
2025-04-14 19:37:50,063 [INFO] Game 36 done in 1754324ms
2025-04-14 19:44:31,032 [INFO] Turn #10
2025-04-14 19:51:52,701 [INFO] Turn #20
2025-04-14 19:54:51,157 [INFO] The outcome - r value: 1
2025-04-14 19:54:51,157 [INFO] Game 37 done in 1021086ms
2025-04-14 20:00:03,419 [INFO] The outcome - r value: 1
2025-04-14 20:00:03,420 [INFO] Game 38 done in 312258ms
2025-04-14 20:06:53,984 [INFO] Turn #10
2025-04-14 20:14:08,332 [INFO] Turn #20
2025-04-14 20:21:50,933 [INFO] Turn #30
2025-04-14 20:29:05,291 [INFO] Turn #40
2025-04-14 20:29:23,912 [INFO] The outcome - r value: 0.0001
2025-04-14 20:29:23,913 [INFO] Game 39 done in 1760491ms
2025-04-14 20:36:07,991 [INFO] Turn #10
2025-04-14 20:43:20,375 [INFO] Turn #20
2025-04-14 20:50:58,189 [INFO] Turn #30
2025-04-14 20:58:49,938 [INFO] Turn #40
2025-04-14 20:59:08,657 [INFO] The outcome - r value: 0.0001
2025-04-14 20:59:08,657 [INFO] Game 40 done in 1784737ms
2025-04-14 20:59:08,658 [INFO] Saving partial examples to ./new/partial_iter_1_40.examples with 40 games completed
